# JRE version: OpenJDK Runtime Environment (14.0+36) (build 14+36-1461)
# Java VM: OpenJDK 64-Bit Server VM (14+36-1461, mixed mode, sharing, tiered, compressed oops, g1 gc, linux-amd64)
Heap:
 garbage-first heap   total 81920K, used 51275K [0x0000000764a00000, 0x0000000800000000)
  region size 1024K, 27 young (27648K), 6 survivors (6144K)
 Metaspace       used 53105K, capacity 54448K, committed 54860K, reserved 1097728K
  class space    used 6647K, capacity 7164K, committed 7296K, reserved 1048576K
GC Heap History (20 events):
Event: 4.329 GC heap before
{Heap before GC invocations=12 (full 0):
 garbage-first heap   total 66560K, used 51043K [0x0000000764a00000, 0x0000000800000000)
  region size 1024K, 37 young (37888K), 3 survivors (3072K)
 Metaspace       used 30543K, capacity 31316K, committed 31488K, reserved 1077248K
  class space    used 3789K, capacity 4074K, committed 4096K, reserved 1048576K
}
Event: 4.336 GC heap after
{Heap after GC invocations=13 (full 0):
 garbage-first heap   total 66560K, used 17201K [0x0000000764a00000, 0x0000000800000000)
  region size 1024K, 4 young (4096K), 4 survivors (4096K)
 Metaspace       used 30543K, capacity 31316K, committed 31488K, reserved 1077248K
  class space    used 3789K, capacity 4074K, committed 4096K, reserved 1048576K
}
Event: 4.589 GC heap before
{Heap before GC invocations=13 (full 0):
 garbage-first heap   total 66560K, used 52017K [0x0000000764a00000, 0x0000000800000000)
  region size 1024K, 38 young (38912K), 4 survivors (4096K)
 Metaspace       used 34151K, capacity 34985K, committed 35328K, reserved 1079296K
  class space    used 4199K, capacity 4503K, committed 4608K, reserved 1048576K
}
Event: 4.617 GC heap after
{Heap after GC invocations=14 (full 0):
 garbage-first heap   total 66560K, used 18773K [0x0000000764a00000, 0x0000000800000000)
  region size 1024K, 5 young (5120K), 5 survivors (5120K)
 Metaspace       used 34151K, capacity 34985K, committed 35328K, reserved 1079296K
  class space    used 4199K, capacity 4503K, committed 4608K, reserved 1048576K
}
Event: 4.687 GC heap before
{Heap before GC invocations=14 (full 0):
 garbage-first heap   total 66560K, used 21845K [0x0000000764a00000, 0x0000000800000000)
  region size 1024K, 9 young (9216K), 5 survivors (5120K)
 Metaspace       used 34834K, capacity 35664K, committed 35840K, reserved 1081344K
  class space    used 4283K, capacity 4580K, committed 4608K, reserved 1048576K
}
Event: 4.693 GC heap after
{Heap after GC invocations=15 (full 0):
 garbage-first heap   total 66560K, used 19060K [0x0000000764a00000, 0x0000000800000000)
  region size 1024K, 3 young (3072K), 3 survivors (3072K)
 Metaspace       used 34834K, capacity 35664K, committed 35840K, reserved 1081344K
  class space    used 4283K, capacity 4580K, committed 4608K, reserved 1048576K
}
Event: 4.949 GC heap before
{Heap before GC invocations=16 (full 0):
 garbage-first heap   total 66560K, used 49780K [0x0000000764a00000, 0x0000000800000000)
  region size 1024K, 33 young (33792K), 3 survivors (3072K)
 Metaspace       used 37381K, capacity 38207K, committed 38476K, reserved 1083392K
  class space    used 4608K, capacity 4936K, committed 4992K, reserved 1048576K
}
Event: 4.959 GC heap after
{Heap after GC invocations=17 (full 0):
 garbage-first heap   total 87040K, used 19662K [0x0000000764a00000, 0x0000000800000000)
  region size 1024K, 3 young (3072K), 3 survivors (3072K)
 Metaspace       used 37381K, capacity 38207K, committed 38476K, reserved 1083392K
  class space    used 4608K, capacity 4936K, committed 4992K, reserved 1048576K
}
Event: 5.394 GC heap before
{Heap before GC invocations=18 (full 0):
 garbage-first heap   total 81920K, used 65742K [0x0000000764a00000, 0x0000000800000000)
  region size 1024K, 48 young (49152K), 3 survivors (3072K)
 Metaspace       used 40105K, capacity 41059K, committed 41420K, reserved 1085440K
  class space    used 4958K, capacity 5298K, committed 5376K, reserved 1048576K
}
Event: 5.398 GC heap after
{Heap after GC invocations=19 (full 0):
 garbage-first heap   total 81920K, used 20603K [0x0000000764a00000, 0x0000000800000000)
  region size 1024K, 4 young (4096K), 4 survivors (4096K)
 Metaspace       used 40105K, capacity 41059K, committed 41420K, reserved 1085440K
  class space    used 4958K, capacity 5298K, committed 5376K, reserved 1048576K
}
Event: 5.756 GC heap before
{Heap before GC invocations=19 (full 0):
 garbage-first heap   total 81920K, used 63611K [0x0000000764a00000, 0x0000000800000000)
  region size 1024K, 46 young (47104K), 4 survivors (4096K)
 Metaspace       used 43542K, capacity 44538K, committed 44748K, reserved 1087488K
  class space    used 5415K, capacity 5795K, committed 5888K, reserved 1048576K
}
Event: 5.761 GC heap after
{Heap after GC invocations=20 (full 0):
 garbage-first heap   total 81920K, used 22424K [0x0000000764a00000, 0x0000000800000000)
  region size 1024K, 4 young (4096K), 4 survivors (4096K)
 Metaspace       used 43542K, capacity 44538K, committed 44748K, reserved 1087488K
  class space    used 5415K, capacity 5795K, committed 5888K, reserved 1048576K
}
Event: 80.563 GC heap before
{Heap before GC invocations=20 (full 0):
 garbage-first heap   total 81920K, used 62360K [0x0000000764a00000, 0x0000000800000000)
  region size 1024K, 44 young (45056K), 4 survivors (4096K)
 Metaspace       used 46531K, capacity 47550K, committed 47948K, reserved 1091584K
  class space    used 5802K, capacity 6201K, committed 6272K, reserved 1048576K
}
Event: 80.568 GC heap after
{Heap after GC invocations=21 (full 0):
 garbage-first heap   total 81920K, used 23525K [0x0000000764a00000, 0x0000000800000000)
  region size 1024K, 4 young (4096K), 4 survivors (4096K)
 Metaspace       used 46531K, capacity 47550K, committed 47948K, reserved 1091584K
  class space    used 5802K, capacity 6201K, committed 6272K, reserved 1048576K
}
Event: 81.420 GC heap before
{Heap before GC invocations=21 (full 0):
 garbage-first heap   total 81920K, used 63461K [0x0000000764a00000, 0x0000000800000000)
  region size 1024K, 44 young (45056K), 4 survivors (4096K)
 Metaspace       used 49133K, capacity 50311K, committed 50508K, reserved 1093632K
  class space    used 6204K, capacity 6676K, committed 6784K, reserved 1048576K
}
Event: 81.423 GC heap after
{Heap after GC invocations=22 (full 0):
 garbage-first heap   total 81920K, used 24706K [0x0000000764a00000, 0x0000000800000000)
  region size 1024K, 4 young (4096K), 4 survivors (4096K)
 Metaspace       used 49133K, capacity 50311K, committed 50508K, reserved 1093632K
  class space    used 6204K, capacity 6676K, committed 6784K, reserved 1048576K
}
Event: 82.017 GC heap before
{Heap before GC invocations=22 (full 0):
 garbage-first heap   total 81920K, used 65666K [0x0000000764a00000, 0x0000000800000000)
  region size 1024K, 44 young (45056K), 4 survivors (4096K)
 Metaspace       used 50240K, capacity 51472K, committed 51660K, reserved 1093632K
  class space    used 6329K, capacity 6812K, committed 6912K, reserved 1048576K
}
Event: 82.022 GC heap after
{Heap after GC invocations=23 (full 0):
 garbage-first heap   total 81920K, used 27393K [0x0000000764a00000, 0x0000000800000000)
  region size 1024K, 5 young (5120K), 5 survivors (5120K)
 Metaspace       used 50240K, capacity 51472K, committed 51660K, reserved 1093632K
  class space    used 6329K, capacity 6812K, committed 6912K, reserved 1048576K
}
Event: 82.630 GC heap before
{Heap before GC invocations=23 (full 0):
 garbage-first heap   total 81920K, used 64257K [0x0000000764a00000, 0x0000000800000000)
  region size 1024K, 41 young (41984K), 5 survivors (5120K)
 Metaspace       used 51404K, capacity 52685K, committed 53068K, reserved 1095680K
  class space    used 6453K, capacity 6937K, committed 7040K, reserved 1048576K
}
Event: 82.645 GC heap after
{Heap after GC invocations=24 (full 0):
 garbage-first heap   total 81920K, used 30795K [0x0000000764a00000, 0x0000000800000000)
  region size 1024K, 6 young (6144K), 6 survivors (6144K)
 Metaspace       used 51404K, capacity 52685K, committed 53068K, reserved 1095680K
  class space    used 6453K, capacity 6937K, committed 7040K, reserved 1048576K
}

