# JRE version: OpenJDK Runtime Environment (14.0+36) (build 14+36-1461)
# Java VM: OpenJDK 64-Bit Server VM (14+36-1461, mixed mode, sharing, tiered, compressed oops, g1 gc, linux-amd64)
Heap:
 garbage-first heap   total 65536K, used 35819K [0x0000000764a00000, 0x0000000800000000)
  region size 1024K, 6 young (6144K), 1 survivors (1024K)
 Metaspace       used 53001K, capacity 54244K, committed 54604K, reserved 1097728K
  class space    used 6646K, capacity 7163K, committed 7244K, reserved 1048576K
GC Heap History (20 events):
Event: 11.790 GC heap before
{Heap before GC invocations=19 (full 0):
 garbage-first heap   total 58368K, used 45648K [0x0000000764a00000, 0x0000000800000000)
  region size 1024K, 27 young (27648K), 2 survivors (2048K)
 Metaspace       used 41821K, capacity 42809K, committed 42956K, reserved 1087488K
  class space    used 5190K, capacity 5565K, committed 5580K, reserved 1048576K
}
Event: 11.793 GC heap after
{Heap after GC invocations=20 (full 0):
 garbage-first heap   total 58368K, used 21575K [0x0000000764a00000, 0x0000000800000000)
  region size 1024K, 3 young (3072K), 3 survivors (3072K)
 Metaspace       used 41821K, capacity 42809K, committed 42956K, reserved 1087488K
  class space    used 5190K, capacity 5565K, committed 5580K, reserved 1048576K
}
Event: 12.295 GC heap before
{Heap before GC invocations=20 (full 0):
 garbage-first heap   total 58368K, used 46151K [0x0000000764a00000, 0x0000000800000000)
  region size 1024K, 27 young (27648K), 3 survivors (3072K)
 Metaspace       used 44335K, capacity 45358K, committed 45644K, reserved 1089536K
  class space    used 5548K, capacity 5963K, committed 5964K, reserved 1048576K
}
Event: 12.300 GC heap after
{Heap after GC invocations=21 (full 0):
 garbage-first heap   total 58368K, used 23293K [0x0000000764a00000, 0x0000000800000000)
  region size 1024K, 4 young (4096K), 4 survivors (4096K)
 Metaspace       used 44335K, capacity 45358K, committed 45644K, reserved 1089536K
  class space    used 5548K, capacity 5963K, committed 5964K, reserved 1048576K
}
Event: 24.763 GC heap before
{Heap before GC invocations=21 (full 0):
 garbage-first heap   total 58368K, used 43773K [0x0000000764a00000, 0x0000000800000000)
  region size 1024K, 25 young (25600K), 4 survivors (4096K)
 Metaspace       used 45843K, capacity 46835K, committed 47180K, reserved 1089536K
  class space    used 5723K, capacity 6136K, committed 6220K, reserved 1048576K
}
Event: 24.767 GC heap after
{Heap after GC invocations=22 (full 0):
 garbage-first heap   total 58368K, used 23673K [0x0000000764a00000, 0x0000000800000000)
  region size 1024K, 3 young (3072K), 3 survivors (3072K)
 Metaspace       used 45843K, capacity 46835K, committed 47180K, reserved 1089536K
  class space    used 5723K, capacity 6136K, committed 6220K, reserved 1048576K
}
Event: 24.880 GC heap before
{Heap before GC invocations=22 (full 0):
 garbage-first heap   total 58368K, used 45177K [0x0000000764a00000, 0x0000000800000000)
  region size 1024K, 25 young (25600K), 3 survivors (3072K)
 Metaspace       used 47372K, capacity 48452K, committed 48716K, reserved 1091584K
  class space    used 5950K, capacity 6356K, committed 6476K, reserved 1048576K
}
Event: 24.882 GC heap after
{Heap after GC invocations=23 (full 0):
 garbage-first heap   total 58368K, used 23931K [0x0000000764a00000, 0x0000000800000000)
  region size 1024K, 3 young (3072K), 3 survivors (3072K)
 Metaspace       used 47372K, capacity 48452K, committed 48716K, reserved 1091584K
  class space    used 5950K, capacity 6356K, committed 6476K, reserved 1048576K
}
Event: 24.993 GC heap before
{Heap before GC invocations=23 (full 0):
 garbage-first heap   total 58368K, used 46459K [0x0000000764a00000, 0x0000000800000000)
  region size 1024K, 25 young (25600K), 3 survivors (3072K)
 Metaspace       used 48832K, capacity 50003K, committed 50252K, reserved 1093632K
  class space    used 6177K, capacity 6640K, committed 6732K, reserved 1048576K
}
Event: 24.996 GC heap after
{Heap after GC invocations=24 (full 0):
 garbage-first heap   total 58368K, used 24860K [0x0000000764a00000, 0x0000000800000000)
  region size 1024K, 2 young (2048K), 2 survivors (2048K)
 Metaspace       used 48832K, capacity 50003K, committed 50252K, reserved 1093632K
  class space    used 6177K, capacity 6640K, committed 6732K, reserved 1048576K
}
Event: 25.203 GC heap before
{Heap before GC invocations=24 (full 0):
 garbage-first heap   total 58368K, used 46364K [0x0000000764a00000, 0x0000000800000000)
  region size 1024K, 23 young (23552K), 2 survivors (2048K)
 Metaspace       used 49806K, capacity 50998K, committed 51148K, reserved 1093632K
  class space    used 6296K, capacity 6765K, committed 6860K, reserved 1048576K
}
Event: 25.207 GC heap after
{Heap after GC invocations=25 (full 0):
 garbage-first heap   total 58368K, used 26143K [0x0000000764a00000, 0x0000000800000000)
  region size 1024K, 3 young (3072K), 3 survivors (3072K)
 Metaspace       used 49806K, capacity 50998K, committed 51148K, reserved 1093632K
  class space    used 6296K, capacity 6765K, committed 6860K, reserved 1048576K
}
Event: 25.327 GC heap before
{Heap before GC invocations=25 (full 0):
 garbage-first heap   total 58368K, used 46623K [0x0000000764a00000, 0x0000000800000000)
  region size 1024K, 23 young (23552K), 3 survivors (3072K)
 Metaspace       used 50037K, capacity 51218K, committed 51404K, reserved 1093632K
  class space    used 6315K, capacity 6773K, committed 6860K, reserved 1048576K
}
Event: 25.330 GC heap after
{Heap after GC invocations=26 (full 0):
 garbage-first heap   total 58368K, used 27423K [0x0000000764a00000, 0x0000000800000000)
  region size 1024K, 3 young (3072K), 3 survivors (3072K)
 Metaspace       used 50037K, capacity 51218K, committed 51404K, reserved 1093632K
  class space    used 6315K, capacity 6773K, committed 6860K, reserved 1048576K
}
Event: 25.586 GC heap before
{Heap before GC invocations=26 (full 0):
 garbage-first heap   total 58368K, used 45855K [0x0000000764a00000, 0x0000000800000000)
  region size 1024K, 21 young (21504K), 3 survivors (3072K)
 Metaspace       used 50862K, capacity 52052K, committed 52300K, reserved 1095680K
  class space    used 6421K, capacity 6901K, committed 6988K, reserved 1048576K
}
Event: 25.590 GC heap after
{Heap after GC invocations=27 (full 0):
 garbage-first heap   total 58368K, used 28967K [0x0000000764a00000, 0x0000000800000000)
  region size 1024K, 3 young (3072K), 3 survivors (3072K)
 Metaspace       used 50862K, capacity 52052K, committed 52300K, reserved 1095680K
  class space    used 6421K, capacity 6901K, committed 6988K, reserved 1048576K
}
Event: 25.803 GC heap before
{Heap before GC invocations=28 (full 0):
 garbage-first heap   total 65536K, used 45351K [0x0000000764a00000, 0x0000000800000000)
  region size 1024K, 19 young (19456K), 3 survivors (3072K)
 Metaspace       used 51147K, capacity 52377K, committed 52556K, reserved 1095680K
  class space    used 6439K, capacity 6901K, committed 6988K, reserved 1048576K
}
Event: 25.807 GC heap after
{Heap after GC invocations=29 (full 0):
 garbage-first heap   total 65536K, used 30985K [0x0000000764a00000, 0x0000000800000000)
  region size 1024K, 2 young (2048K), 2 survivors (2048K)
 Metaspace       used 51147K, capacity 52377K, committed 52556K, reserved 1095680K
  class space    used 6439K, capacity 6901K, committed 6988K, reserved 1048576K
}
Event: 29.877 GC heap before
{Heap before GC invocations=29 (full 0):
 garbage-first heap   total 65536K, used 50441K [0x0000000764a00000, 0x0000000800000000)
  region size 1024K, 21 young (21504K), 2 survivors (2048K)
 Metaspace       used 52458K, capacity 53712K, committed 53964K, reserved 1095680K
  class space    used 6600K, capacity 7092K, committed 7116K, reserved 1048576K
}
Event: 29.880 GC heap after
{Heap after GC invocations=30 (full 0):
 garbage-first heap   total 65536K, used 31723K [0x0000000764a00000, 0x0000000800000000)
  region size 1024K, 1 young (1024K), 1 survivors (1024K)
 Metaspace       used 52458K, capacity 53712K, committed 53964K, reserved 1095680K
  class space    used 6600K, capacity 7092K, committed 7116K, reserved 1048576K
}

